<?xml version="1.0" encoding="UTF-8"?>
<!-- Generated by org.testng.reporters.JUnitXMLReporter -->
<testsuite ignored="0" hostname="doaa-HP-EliteBook-840-G1" failures="2" tests="2" name="Firefox Tests" time="0.034" errors="0" timestamp="2025-05-20T00:22:59 IDT">
  <testcase classname="logintest.LoginManyBrowser" name="testAccountLockAfterWrongAttempts" time="0.007">
    <failure type="java.lang.NullPointerException">
      <![CDATA[java.lang.NullPointerException
at logintest.LoginManyBrowser.testAccountLockAfterWrongAttempts(LoginManyBrowser.java:40)
at java.base/java.util.ArrayList.forEach(ArrayList.java:1541)
... Removed 27 stack frames]]>
    </failure>
  </testcase> <!-- testAccountLockAfterWrongAttempts -->
  <testcase classname="logintest.LoginManyBrowser" name="testSuccessfulLogin" time="0.009">
    <failure type="java.lang.NullPointerException">
      <![CDATA[java.lang.NullPointerException
at logintest.LoginManyBrowser.testSuccessfulLogin(LoginManyBrowser.java:26)
at java.base/java.util.ArrayList.forEach(ArrayList.java:1541)
... Removed 27 stack frames]]>
    </failure>
  </testcase> <!-- testSuccessfulLogin -->
</testsuite> <!-- Firefox Tests -->
